<?xml version="1.0" encoding="UTF-8" ?>
<testsuite failures="0" time="0.018" errors="0" skipped="0" tests="1" name="hello.igate.MavenApplication.AppTest">
  <properties>
    <property name="java.runtime.name" value="Java(TM) SE Runtime Environment"/>
    <property name="sun.boot.library.path" value="C:\Program Files\Java\jdk1.7.0_60\jre\bin"/>
    <property name="java.vm.version" value="24.60-b09"/>
    <property name="java.vm.vendor" value="Oracle Corporation"/>
    <property name="java.vendor.url" value="http://java.oracle.com/"/>
    <property name="path.separator" value=";"/>
    <property name="java.vm.name" value="Java HotSpot(TM) Client VM"/>
    <property name="file.encoding.pkg" value="sun.io"/>
    <property name="user.script" value=""/>
    <property name="user.country" value="US"/>
    <property name="sun.java.launcher" value="SUN_STANDARD"/>
    <property name="sun.os.patch.level" value="Service Pack 1"/>
    <property name="java.vm.specification.name" value="Java Virtual Machine Specification"/>
    <property name="user.dir" value="D:\MavenApplication\MavenApplication"/>
    <property name="java.runtime.version" value="1.7.0_60-b19"/>
    <property name="java.awt.graphicsenv" value="sun.awt.Win32GraphicsEnvironment"/>
    <property name="basedir" value="D:\MavenApplication\MavenApplication"/>
    <property name="java.endorsed.dirs" value="C:\Program Files\Java\jdk1.7.0_60\jre\lib\endorsed"/>
    <property name="os.arch" value="x86"/>
    <property name="surefire.real.class.path" value="C:\Users\yn822599\AppData\Local\Temp\surefirebooter2570904798277175338.jar"/>
    <property name="java.io.tmpdir" value="C:\Users\yn822599\AppData\Local\Temp\"/>
    <property name="line.separator" value="
"/>
    <property name="java.vm.specification.vendor" value="Oracle Corporation"/>
    <property name="user.variant" value=""/>
    <property name="os.name" value="Windows 7"/>
    <property name="sun.jnu.encoding" value="Cp1252"/>
    <property name="java.library.path" value="C:\Program Files\Java\jdk1.7.0_60\jre\bin;C:\Windows\Sun\Java\bin;C:\Windows\system32;C:\Windows;C:/Program Files/Java/jdk1.7.0_60/bin/../jre/bin/client;C:/Program Files/Java/jdk1.7.0_60/bin/../jre/bin;C:/Program Files/Java/jdk1.7.0_60/bin/../jre/lib/i386;%path%;C:\Program Files\Java\jdk1.7.0_60\bin;D:\Yogini Naik\IGATE Study Material\Lateral Trainings\GE Developer Track Lateral Training\Maven\apache-maven-2.2.1\bin;C:\Windows\System32;D:\GE Developer Sofwares\ICOMPLIANCE V3.0\sonar-runner-2.4\bin;D:\Yogini Naik\IGATE Study Material\Lateral Trainings\GE Developer Track Lateral Training\GE Developer track Softwares\ToolsGroupSoftwate\IRAPIDv3_Final\IRAPID;;."/>
    <property name="surefire.test.class.path" value="D:\MavenApplication\MavenApplication\target\test-classes;D:\MavenApplication\MavenApplication\target\classes;C:\Users\yn822599\.m2\repository\junit\junit\3.8.1\junit-3.8.1.jar;"/>
    <property name="java.specification.name" value="Java Platform API Specification"/>
    <property name="java.class.version" value="51.0"/>
    <property name="sun.management.compiler" value="HotSpot Client Compiler"/>
    <property name="os.version" value="6.1"/>
    <property name="user.home" value="C:\Users\yn822599"/>
    <property name="user.timezone" value=""/>
    <property name="java.awt.printerjob" value="sun.awt.windows.WPrinterJob"/>
    <property name="java.specification.version" value="1.7"/>
    <property name="file.encoding" value="Cp1252"/>
    <property name="user.name" value="yn822599"/>
    <property name="java.class.path" value="D:\MavenApplication\MavenApplication\target\test-classes;D:\MavenApplication\MavenApplication\target\classes;C:\Users\yn822599\.m2\repository\junit\junit\3.8.1\junit-3.8.1.jar;"/>
    <property name="java.vm.specification.version" value="1.7"/>
    <property name="sun.arch.data.model" value="32"/>
    <property name="java.home" value="C:\Program Files\Java\jdk1.7.0_60\jre"/>
    <property name="sun.java.command" value="C:\Users\yn822599\AppData\Local\Temp\surefirebooter2570904798277175338.jar C:\Users\yn822599\AppData\Local\Temp\surefire3301158205420267757tmp C:\Users\yn822599\AppData\Local\Temp\surefire5438125120124707134tmp"/>
    <property name="java.specification.vendor" value="Oracle Corporation"/>
    <property name="user.language" value="en"/>
    <property name="awt.toolkit" value="sun.awt.windows.WToolkit"/>
    <property name="java.vm.info" value="mixed mode, sharing"/>
    <property name="java.version" value="1.7.0_60"/>
    <property name="java.ext.dirs" value="C:\Program Files\Java\jdk1.7.0_60\jre\lib\ext;C:\Windows\Sun\Java\lib\ext"/>
    <property name="sun.boot.class.path" value="C:\Program Files\Java\jdk1.7.0_60\jre\lib\resources.jar;C:\Program Files\Java\jdk1.7.0_60\jre\lib\rt.jar;C:\Program Files\Java\jdk1.7.0_60\jre\lib\sunrsasign.jar;C:\Program Files\Java\jdk1.7.0_60\jre\lib\jsse.jar;C:\Program Files\Java\jdk1.7.0_60\jre\lib\jce.jar;C:\Program Files\Java\jdk1.7.0_60\jre\lib\charsets.jar;C:\Program Files\Java\jdk1.7.0_60\jre\lib\jfr.jar;C:\Program Files\Java\jdk1.7.0_60\jre\classes"/>
    <property name="java.vendor" value="Oracle Corporation"/>
    <property name="localRepository" value="C:\Users\yn822599\.m2\repository"/>
    <property name="file.separator" value="\"/>
    <property name="java.vendor.url.bug" value="http://bugreport.sun.com/bugreport/"/>
    <property name="sun.cpu.endian" value="little"/>
    <property name="sun.io.unicode.encoding" value="UnicodeLittle"/>
    <property name="sun.desktop" value="windows"/>
    <property name="sun.cpu.isalist" value="pentium_pro+mmx pentium_pro pentium+mmx pentium i486 i386 i86"/>
  </properties>
  <testcase time="0.003" classname="hello.igate.MavenApplication.AppTest" name="testApp"/>
</testsuite>